2022-11-25 03:23:45 loss 216,51 count 371 RapChessCs-beta blunders 227 mistakes 57 inaccuracies 12 2r1rbk1/1pqb1p1p/p2p1np1/P4p2/3NP1P1/2NP1R1Q/1P5P/R5BK w - - 0 1 move g4f5 best d4f5 delta 529 (264 => -265) (45 => -45)
2022-11-25 03:23:32 loss 196,73 count 371 RapChessCs blunders 200 mistakes 60 inaccuracies 17 2r1rbk1/1pqb1p1p/p2p1np1/P4p2/3NP1P1/2NP1R1Q/1P5P/R5BK w - - 0 1 move g4f5 best d4f5 delta 529 (264 => -265) (45 => -45)
2022-11-24 23:26:12 loss 198,74 count 371 RapChessCs-beta blunders 202 mistakes 61 inaccuracies 16 2r1rbk1/1pqb1p1p/p2p1np1/P4p2/3NP1P1/2NP1R1Q/1P5P/R5BK w - - 0 1 move g4f5 best d4f5 delta 529 (264 => -265) (45 => -45)
2022-11-24 23:09:13 loss 196,83 count 371 RapChessCs blunders 201 mistakes 60 inaccuracies 16 2r1rbk1/1pqb1p1p/p2p1np1/P4p2/3NP1P1/2NP1R1Q/1P5P/R5BK w - - 0 1 move g4f5 best d4f5 delta 529 (264 => -265) (45 => -45)
2022-11-24 22:39:46 loss 197,54 count 371 RapChessCs blunders 202 mistakes 59 inaccuracies 17 2r1rbk1/1pqb1p1p/p2p1np1/P4p2/3NP1P1/2NP1R1Q/1P5P/R5BK w - - 0 1 move g4f5 best d4f5 delta 529 (264 => -265) (45 => -45)
2022-11-24 19:16:33 loss 198,53 count 371 RapChessCs-beta blunders 204 mistakes 58 inaccuracies 17 2r1rbk1/1pqb1p1p/p2p1np1/P4p2/3NP1P1/2NP1R1Q/1P5P/R5BK w - - 0 1 move g4f5 best d4f5 delta 529 (264 => -265) (45 => -45)
2022-11-24 18:59:33 loss 199,36 count 371 RapChessCs blunders 203 mistakes 54 inaccuracies 22 2r1rbk1/1pqb1p1p/p2p1np1/P4p2/3NP1P1/2NP1R1Q/1P5P/R5BK w - - 0 1 move g4f5 best d4f5 delta 529 (264 => -265) (45 => -45)
2022-11-24 16:59:04 loss 196,69 count 371 RapChessCs-beta blunders 201 mistakes 59 inaccuracies 17 2r1rbk1/1pqb1p1p/p2p1np1/P4p2/3NP1P1/2NP1R1Q/1P5P/R5BK w - - 0 1 move g4f5 best d4f5 delta 529 (264 => -265) (45 => -45)
2022-11-24 16:41:45 loss 216,51 count 371 RapChessCs-beta blunders 227 mistakes 57 inaccuracies 12 2r1rbk1/1pqb1p1p/p2p1np1/P4p2/3NP1P1/2NP1R1Q/1P5P/R5BK w - - 0 1 move g4f5 best d4f5 delta 529 (264 => -265) (45 => -45)
2022-11-24 16:37:32 loss 200,05 count 371 RapChessCs-beta blunders 204 mistakes 59 inaccuracies 18 2r1rbk1/1pqb1p1p/p2p1np1/P4p2/3NP1P1/2NP1R1Q/1P5P/R5BK w - - 0 1 move g4f5 best d4f5 delta 529 (264 => -265) (45 => -45)
2022-11-24 15:54:13 loss 200,02 count 371 RapChessCs-beta blunders 203 mistakes 60 inaccuracies 17 2r1rbk1/1pqb1p1p/p2p1np1/P4p2/3NP1P1/2NP1R1Q/1P5P/R5BK w - - 0 1 move g4f5 best d4f5 delta 529 (264 => -265) (45 => -45)
2022-11-24 15:31:34 loss 200,76 count 371 RapChessCs-beta blunders 205 mistakes 59 inaccuracies 16 r1bq1rk1/1pp2pbp/p1np1np1/3Pp3/2P1P3/2N1BP2/PP4PP/R1NQKB1R b KQ - 1 9 move c6e7 best d4f5 delta 214 (108 => -106) (20 => -19)
2022-11-24 14:27:08 loss 201,06 count 371 RapChessCs-beta blunders 206 mistakes 55 inaccuracies 19 2r1rbk1/1pqb1p1p/p2p1np1/P4p2/3NP1P1/2NP1R1Q/1P5P/R5BK w - - 0 1 move e4f5 best d4f5 delta 529 (264 => -265) (45 => -45)
2022-11-24 13:57:10 loss 203,72 count 371 RapChessCs-beta blunders 211 mistakes 54 inaccuracies 16 2r1rbk1/1pqb1p1p/p2p1np1/P4p2/3NP1P1/2NP1R1Q/1P5P/R5BK w - - 0 1 move g4f5 best d4f5 delta 529 (264 => -265) (45 => -45)
2022-11-23 15:31:59 loss 199,89 count 371 RapChessCs-beta blunders 204 mistakes 55 inaccuracies 21 2r1rbk1/1pqb1p1p/p2p1np1/P4p2/3NP1P1/2NP1R1Q/1P5P/R5BK w - - 0 1 move g4f5 best d4f5 delta 529 (264 => -265) (45 => -45)
2022-11-23 15:18:01 loss 201,49 count 371 RapChessCs blunders 206 mistakes 56 inaccuracies 18 2r1rbk1/1pqb1p1p/p2p1np1/P4p2/3NP1P1/2NP1R1Q/1P5P/R5BK w - - 0 1 move g4f5 best d4f5 delta 529 (264 => -265) (45 => -45)
2022-11-23 14:57:53 loss 200,36 count 371 RapChessCs-beta blunders 205 mistakes 54 inaccuracies 20 2r1rbk1/1pqb1p1p/p2p1np1/P4p2/3NP1P1/2NP1R1Q/1P5P/R5BK w - - 0 1 move g4f5 best d4f5 delta 529 (264 => -265) (45 => -45)
2022-11-23 14:40:11 loss 202,36 count 371 RapChessCs-beta blunders 207 mistakes 55 inaccuracies 21 2r1rbk1/1pqb1p1p/p2p1np1/P4p2/3NP1P1/2NP1R1Q/1P5P/R5BK w - - 0 1 move g4f5 best d4f5 delta 529 (264 => -265) (45 => -45)
2022-11-23 14:24:41 loss 216,51 count 371 RapChessCs-beta blunders 227 mistakes 57 inaccuracies 12 2r1rbk1/1pqb1p1p/p2p1np1/P4p2/3NP1P1/2NP1R1Q/1P5P/R5BK w - - 0 1 move g4f5 best d4f5 delta 529 (264 => -265) (45 => -45)
2022-11-23 14:22:45 loss 202,89 count 371 RapChessCs-beta blunders 208 mistakes 56 inaccuracies 19 2r1rbk1/1pqb1p1p/p2p1np1/P4p2/3NP1P1/2NP1R1Q/1P5P/R5BK w - - 0 1 move g4f5 best d4f5 delta 529 (264 => -265) (45 => -45)
2022-11-23 14:05:54 loss 202,27 count 371 RapChessCs-beta blunders 208 mistakes 53 inaccuracies 22 2r1rbk1/1pqb1p1p/p2p1np1/P4p2/3NP1P1/2NP1R1Q/1P5P/R5BK w - - 0 1 move g4f5 best d4f5 delta 529 (264 => -265) (45 => -45)
2022-11-23 13:47:28 loss 202,05 count 371 RapChessCs-beta blunders 207 mistakes 55 inaccuracies 20 2r1rbk1/1pqb1p1p/p2p1np1/P4p2/3NP1P1/2NP1R1Q/1P5P/R5BK w - - 0 1 move g4f5 best d4f5 delta 529 (264 => -265) (45 => -45)
2022-11-23 13:22:00 loss 204,25 count 371 RapChessCs-beta blunders 209 mistakes 56 inaccuracies 20 2r1rbk1/1pqb1p1p/p2p1np1/P4p2/3NP1P1/2NP1R1Q/1P5P/R5BK w - - 0 1 move g4f5 best d4f5 delta 529 (264 => -265) (45 => -45)
2022-11-23 12:52:29 loss 201,35 count 371 RapChessCs-beta blunders 207 mistakes 59 inaccuracies 15 2r1rbk1/1pqb1p1p/p2p1np1/P4p2/3NP1P1/2NP1R1Q/1P5P/R5BK w - - 0 1 move g4f5 best d4f5 delta 529 (264 => -265) (45 => -45)
2022-11-23 12:37:06 loss 216,51 count 371 RapChessCs-beta blunders 227 mistakes 57 inaccuracies 12 2r1rbk1/1pqb1p1p/p2p1np1/P4p2/3NP1P1/2NP1R1Q/1P5P/R5BK w - - 0 1 move g4f5 best d4f5 delta 529 (264 => -265) (45 => -45)
2022-11-23 12:33:11 loss 200,49 count 371 RapChessCs-beta blunders 204 mistakes 54 inaccuracies 20 2r1rbk1/1pqb1p1p/p2p1np1/P4p2/3NP1P1/2NP1R1Q/1P5P/R5BK w - - 0 1 move g4f5 best d4f5 delta 529 (264 => -265) (45 => -45)
2022-11-23 12:06:41 loss 198,24 count 371 RapChessCs-beta blunders 202 mistakes 55 inaccuracies 20 2r1rbk1/1pqb1p1p/p2p1np1/P4p2/3NP1P1/2NP1R1Q/1P5P/R5BK w - - 0 1 move g4f5 best d4f5 delta 529 (264 => -265) (45 => -45)
2022-11-23 11:46:04 loss 202,66 count 371 RapChessCs-beta blunders 206 mistakes 61 inaccuracies 15 2r1rbk1/1pqb1p1p/p2p1np1/P4p2/3NP1P1/2NP1R1Q/1P5P/R5BK w - - 0 1 move g4f5 best d4f5 delta 529 (264 => -265) (45 => -45)
2022-11-23 01:48:03 loss 205,51 count 371 RapChessCs-beta blunders 211 mistakes 56 inaccuracies 17 2r1rbk1/1pqb1p1p/p2p1np1/P4p2/3NP1P1/2NP1R1Q/1P5P/R5BK w - - 0 1 move e4f5 best d4f5 delta 529 (264 => -265) (45 => -45)
2022-11-23 01:18:40 loss 205,68 count 371 RapChessCs-beta blunders 211 mistakes 56 inaccuracies 18 2r1rbk1/1pqb1p1p/p2p1np1/P4p2/3NP1P1/2NP1R1Q/1P5P/R5BK w - - 0 1 move e4f5 best d4f5 delta 529 (264 => -265) (45 => -45)
2022-11-23 00:51:30 loss 204,62 count 371 RapChessCs-beta blunders 210 mistakes 56 inaccuracies 17 2r1rbk1/1pqb1p1p/p2p1np1/P4p2/3NP1P1/2NP1R1Q/1P5P/R5BK w - - 0 1 move e4f5 best d4f5 delta 529 (264 => -265) (45 => -45)
2022-11-23 00:28:16 loss 204,14 count 371 RapChessCs-beta blunders 209 mistakes 56 inaccuracies 21 2r1rbk1/1pqb1p1p/p2p1np1/P4p2/3NP1P1/2NP1R1Q/1P5P/R5BK w - - 0 1 move e4f5 best d4f5 delta 529 (264 => -265) (45 => -45)
2022-11-22 22:57:59 loss 204,34 count 371 RapChessCs-beta blunders 210 mistakes 55 inaccuracies 19 2r1rbk1/1pqb1p1p/p2p1np1/P4p2/3NP1P1/2NP1R1Q/1P5P/R5BK w - - 0 1 move g4f5 best d4f5 delta 529 (264 => -265) (45 => -45)
2022-11-22 20:18:18 loss 200,31 count 371 RapChessCs-beta blunders 204 mistakes 55 inaccuracies 20 2r1rbk1/1pqb1p1p/p2p1np1/P4p2/3NP1P1/2NP1R1Q/1P5P/R5BK w - - 0 1 move g4f5 best d4f5 delta 529 (264 => -265) (45 => -45)
2022-11-22 19:57:14 loss 200,44 count 371 RapChessCs-beta blunders 205 mistakes 53 inaccuracies 22 2r1rbk1/1pqb1p1p/p2p1np1/P4p2/3NP1P1/2NP1R1Q/1P5P/R5BK w - - 0 1 move g4f5 best d4f5 delta 529 (264 => -265) (45 => -45)
2022-11-22 19:24:52 loss 203,18 count 371 RapChessCs-beta blunders 208 mistakes 56 inaccuracies 19 2r1rbk1/1pqb1p1p/p2p1np1/P4p2/3NP1P1/2NP1R1Q/1P5P/R5BK w - - 0 1 move g4f5 best d4f5 delta 529 (264 => -265) (45 => -45)
2022-11-22 18:37:57 loss 203,08 count 371 RapChessCs-beta blunders 207 mistakes 56 inaccuracies 23 2r1rbk1/1pqb1p1p/p2p1np1/P4p2/3NP1P1/2NP1R1Q/1P5P/R5BK w - - 0 1 move g4f5 best d4f5 delta 529 (264 => -265) (45 => -45)
2022-11-22 18:19:54 loss 228,36 count 371 RapChessCs-beta blunders 245 mistakes 53 inaccuracies 19 2r1rbk1/1pqb1p1p/p2p1np1/P4p2/3NP1P1/2NP1R1Q/1P5P/R5BK w - - 0 1 move c3d1 best d4f5 delta 529 (264 => -265) (45 => -45)
2022-11-22 18:03:28 loss 229,46 count 371 RapChessCs-beta blunders 249 mistakes 50 inaccuracies 12 2r1rbk1/1pqb1p1p/p2p1np1/P4p2/3NP1P1/2NP1R1Q/1P5P/R5BK w - - 0 1 move g4f5 best d4f5 delta 529 (264 => -265) (45 => -45)
2022-11-22 17:47:06 loss 201,69 count 371 RapChessCs-beta blunders 206 mistakes 56 inaccuracies 20 2r1rbk1/1pqb1p1p/p2p1np1/P4p2/3NP1P1/2NP1R1Q/1P5P/R5BK w - - 0 1 move g4f5 best d4f5 delta 529 (264 => -265) (45 => -45)
2022-11-22 17:27:18 loss 205,37 count 371 RapChessCs-beta blunders 212 mistakes 55 inaccuracies 23 2r1rbk1/1pqb1p1p/p2p1np1/P4p2/3NP1P1/2NP1R1Q/1P5P/R5BK w - - 0 1 move g4f5 best d4f5 delta 529 (264 => -265) (45 => -45)
2022-11-22 17:05:41 loss 217,20 count 371 RapChessCs-beta blunders 228 mistakes 57 inaccuracies 12 2r1rbk1/1pqb1p1p/p2p1np1/P4p2/3NP1P1/2NP1R1Q/1P5P/R5BK w - - 0 1 move g4f5 best d4f5 delta 529 (264 => -265) (45 => -45)
2022-11-22 13:06:20 loss 199,54 count 371 RapChessCs blunders 202 mistakes 56 inaccuracies 21 2r1rbk1/1pqb1p1p/p2p1np1/P4p2/3NP1P1/2NP1R1Q/1P5P/R5BK w - - 0 1 move g4f5 best d4f5 delta 529 (264 => -265) (45 => -45)
2022-11-22 12:37:25 loss 238,38 count 371 RapChessCs-beta blunders 257 mistakes 53 inaccuracies 13 2r1rbk1/1pqb1p1p/p2p1np1/P4p2/3NP1P1/2NP1R1Q/1P5P/R5BK w - - 0 1 move g4f5 best d4f5 delta 529 (264 => -265) (45 => -45)
2022-11-22 11:29:31 loss 224,96 count 371 RapChessCs-beta blunders 240 mistakes 54 inaccuracies 12 2r1rbk1/1pqb1p1p/p2p1np1/P4p2/3NP1P1/2NP1R1Q/1P5P/R5BK w - - 0 1 move g4f5 best d4f5 delta 529 (264 => -265) (45 => -45)
2022-11-22 11:08:04 loss 200,76 count 371 RapChessCs-beta blunders 205 mistakes 55 inaccuracies 20 2r1rbk1/1pqb1p1p/p2p1np1/P4p2/3NP1P1/2NP1R1Q/1P5P/R5BK w - - 0 1 move g4f5 best d4f5 delta 529 (264 => -265) (45 => -45)
2022-11-22 10:46:36 loss 216,51 count 371 RapChessCs-beta blunders 227 mistakes 57 inaccuracies 12 2r1rbk1/1pqb1p1p/p2p1np1/P4p2/3NP1P1/2NP1R1Q/1P5P/R5BK w - - 0 1 move g4f5 best d4f5 delta 529 (264 => -265) (45 => -45)
2022-11-22 01:24:13 loss 201,09 count 371 RapChessCs-beta blunders 206 mistakes 53 inaccuracies 23 2r1rbk1/1pqb1p1p/p2p1np1/P4p2/3NP1P1/2NP1R1Q/1P5P/R5BK w - - 0 1 move g4f5 best d4f5 delta 529 (264 => -265) (45 => -45)
2022-11-21 02:05:42 loss 202,38 count 371 RapChessCs blunders 209 mistakes 54 inaccuracies 16 2r1rbk1/1pqb1p1p/p2p1np1/P4p2/3NP1P1/2NP1R1Q/1P5P/R5BK w - - 0 1 move g4f5 best d4f5 delta 529 (264 => -265) (45 => -45)
2022-11-21 01:28:28 loss 201,26 count 371 Students\RapChessCs.exe blunders 206 mistakes 56 inaccuracies 17 2r1rbk1/1pqb1p1p/p2p1np1/P4p2/3NP1P1/2NP1R1Q/1P5P/R5BK w - - 0 1 move g4f5 best d4f5 delta 529 (264 => -265) (45 => -45)
2022-11-20 13:12:21 loss 200,95 count 371 D:\Games\Chess\RapChessGui\Engines\Auto\rapchesscs.exe blunders 206 mistakes 55 inaccuracies 19 2r1rbk1/1pqb1p1p/p2p1np1/P4p2/3NP1P1/2NP1R1Q/1P5P/R5BK w - - 0 1 move g4f5 best d4f5 delta 529 (264 => -265) (45 => -45)
2022-11-20 12:21:40 loss 198,99 count 371 RapChessCs.exe blunders 202 mistakes 55 inaccuracies 20 2r1rbk1/1pqb1p1p/p2p1np1/P4p2/3NP1P1/2NP1R1Q/1P5P/R5BK w - - 0 1 move g4f5 best d4f5 delta 529 (264 => -265) (45 => -45)
2022-11-20 12:00:47 loss 200,83 count 371 RapChessCs.exe blunders 205 mistakes 56 inaccuracies 19 2r1rbk1/1pqb1p1p/p2p1np1/P4p2/3NP1P1/2NP1R1Q/1P5P/R5BK w - - 0 1 move g4f5 best d4f5 delta 529 (264 => -265) (45 => -45)
2022-11-20 10:36:52 loss 200,43 count 371 RapChessCs.exe blunders 205 mistakes 56 inaccuracies 19 2r1rbk1/1pqb1p1p/p2p1np1/P4p2/3NP1P1/2NP1R1Q/1P5P/R5BK w - - 0 1 move g4f5 best d4f5 delta 529 (264 => -265) (45 => -45)
2022-11-19 15:09:16 loss 199,88 count 371 RapChessCs-beta.exe blunders 203 mistakes 56 inaccuracies 19 r1bq1rk1/pp1pppbp/2n2np1/8/4P3/1NN5/PPP1BPPP/R1BQK2R w KQ - 0 1 move f2f4 best e1g1 delta 20 (10 => -10) (2 => -2)
2022-11-19 14:24:34 loss 199,657 count 0371 RapChessCs-beta.exe blunders 203 mistakes 55 inaccuracies 21 2r1rbk1/1pqb1p1p/p2p1np1/P4p2/3NP1P1/2NP1R1Q/1P5P/R5BK w - - 0 1 move g4f5 best d4f5 delta 529 (264 => -265) (45 => -45)
2022-11-19 12:03:42 loss 199,608 count 0371 RapChessCs-beta.exe blunders 206 mistakes 53 inaccuracies 21 r1bq1rk1/pp1pppbp/2n2np1/8/4P3/1NN5/PPP1BPPP/R1BQK2R w KQ - 0 1 move f2f4 best e1g1 delta 20 (10 => -10) (2 => -2)
2022-11-19 11:41:02 loss 200,478 count 0371 RapChessCs-beta.exe blunders 208 mistakes 49 inaccuracies 18 r1bq1rk1/pp1pppbp/2n2np1/8/4P3/1NN5/PPP1BPPP/R1BQK2R w KQ - 0 1 move f2f4 best e1g1 delta 20 (10 => -10) (2 => -2)
2022-11-19 10:45:21 loss 201,173 count 0371 RapChessCs-beta.exe blunders 208 mistakes 51 inaccuracies 21 2r1rbk1/1pqb1p1p/p2p1np1/P4p2/3NP1P1/2NP1R1Q/1P5P/R5BK w - - 0 1 move g4f5 best d4f5 delta 529 (264 => -265) (45 => -45)
2022-11-19 10:26:40 loss 200,046 count 0371 RapChessCs-beta.exe blunders 207 mistakes 49 inaccuracies 19 r1bq1rk1/pp1pppbp/2n2np1/8/4P3/1NN5/PPP1BPPP/R1BQK2R w KQ - 0 1 move f2f4 best e1g1 delta 20 (10 => -10) (2 => -2)
2022-11-19 10:06:23 loss 202,616 count 0371 RapChessCs-beta.exe blunders 211 mistakes 54 inaccuracies 16 r1bq1rk1/pp1pppbp/2n2np1/8/4P3/1NN5/PPP1BPPP/R1BQK2R w KQ - 0 1 move f2f4 best e1g1 delta 20 (10 => -10) (2 => -2)
2022-11-19 09:41:20 loss 203,505 count 0371 RapChessCs-beta.exe blunders 210 mistakes 54 inaccuracies 20 r1bq1rk1/pp1pppbp/2n2np1/8/4P3/1NN5/PPP1BPPP/R1BQK2R w KQ - 0 1 move f2f4 best e1g1 delta 20 (10 => -10) (2 => -2)
2022-11-19 04:06:15 loss 197,838 count 0371 RapChessCs-beta.exe blunders 203 mistakes 54 inaccuracies 20 2r1rbk1/1pqb1p1p/p2p1np1/P4p2/3NP1P1/2NP1R1Q/1P5P/R5BK w - - 0 1 move g4f5 best d4f5 delta 529 (264 => -265) (45 => -45)
2022-11-18 23:01:04 loss 197,881 count 0371 RapChessCs-beta.exe blunders 203 mistakes 51 inaccuracies 19 2r1rbk1/1pqb1p1p/p2p1np1/P4p2/3NP1P1/2NP1R1Q/1P5P/R5BK w - - 0 1 move e4f5 best d4f5 delta 529 (264 => -265) (45 => -45)
2022-11-18 22:39:36 loss 199,132 count 0371 RapChessCs-beta.exe blunders 208 mistakes 48 inaccuracies 20 2r1rbk1/1pqb1p1p/p2p1np1/P4p2/3NP1P1/2NP1R1Q/1P5P/R5BK w - - 0 1 move g4f5 best d4f5 delta 529 (264 => -265) (45 => -45)
2022-11-18 22:14:06 loss 198,735 count 0371 RapChessCs-beta.exe blunders 204 mistakes 55 inaccuracies 17 2r1rbk1/1pqb1p1p/p2p1np1/P4p2/3NP1P1/2NP1R1Q/1P5P/R5BK w - - 0 1 move g4f5 best d4f5 delta 529 (264 => -265) (45 => -45)
2022-11-18 20:35:14 loss 200,686 count 0371 RapChessCs-beta.exe blunders 210 mistakes 49 inaccuracies 18 2r1rbk1/1pqb1p1p/p2p1np1/P4p2/3NP1P1/2NP1R1Q/1P5P/R5BK w - - 0 1 move e4f5 best d4f5 delta 529 (264 => -265) (45 => -45)
2022-11-18 20:16:14 loss 196,535 count 0371 RapChessCs.exe blunders 200 mistakes 56 inaccuracies 17 2r1rbk1/1pqb1p1p/p2p1np1/P4p2/3NP1P1/2NP1R1Q/1P5P/R5BK w - - 0 1 move g4f5 best d4f5 delta 529 (264 => -265) (45 => -45)
2022-11-18 19:52:49 loss 197,762 count 0371 RapChessCs-beta.exe blunders 202 mistakes 52 inaccuracies 24 2r1rbk1/1pqb1p1p/p2p1np1/P4p2/3NP1P1/2NP1R1Q/1P5P/R5BK w - - 0 1 move g4f5 best d4f5 delta 529 (264 => -265) (45 => -45)
2022-11-18 10:58:29 loss 203,270 count 0371 RapChessCs-beta.exe blunders 212 mistakes 51 inaccuracies 18 2r1rbk1/1pqb1p1p/p2p1np1/P4p2/3NP1P1/2NP1R1Q/1P5P/R5BK w - - 0 1 move g4f5 best d4f5 delta 529 (264 => -265) (45 => -45)
2022-11-13 18:54:27 loss 202,927 count 0371 RapChessCs-end.exe blunders 215 mistakes 44 inaccuracies 24 2r1rbk1/1pqb1p1p/p2p1np1/P4p2/3NP1P1/2NP1R1Q/1P5P/R5BK w - - 0 1 move g4f5 best d4f5 delta 529 (264 => -265) (45 => -45)
2022-11-13 06:28:28 loss 193,973 count 0371 RapChessCs-beta.exe blunders 197 mistakes 56 inaccuracies 18 2r1rbk1/1pqb1p1p/p2p1np1/P4p2/3NP1P1/2NP1R1Q/1P5P/R5BK w - - 0 1 move g4f5 best d4f5 delta 529 (264 => -265) (45 => -45)
2022-11-12 05:50:19 loss 205,695 count 0371 RapChessCs-beta-old.exe blunders 215 mistakes 50 inaccuracies 21 2r1rbk1/1pqb1p1p/p2p1np1/P4p2/3NP1P1/2NP1R1Q/1P5P/R5BK w - - 0 1 move g4f5 best d4f5 delta 529 (264 => -265) (45 => -45)
2022-11-12 05:35:55 loss 199,224 count 0371 RapChessCs-beta-last.exe blunders 203 mistakes 57 inaccuracies 18 2r1rbk1/1pqb1p1p/p2p1np1/P4p2/3NP1P1/2NP1R1Q/1P5P/R5BK w - - 0 1 move g4f5 best d4f5 delta 529 (264 => -265) (45 => -45)
2022-11-12 05:18:32 loss 194,838 count 0371 RapChessCs-beta.exe blunders 198 mistakes 56 inaccuracies 18 2r1rbk1/1pqb1p1p/p2p1np1/P4p2/3NP1P1/2NP1R1Q/1P5P/R5BK w - - 0 1 move g4f5 best d4f5 delta 529 (264 => -265) (45 => -45)
2022-11-12 05:01:21 loss 201,992 count 0371 RapChessCs.exe blunders 208 mistakes 53 inaccuracies 20 r1bq1rk1/pp1pppbp/2n2np1/8/4P3/1NN5/PPP1BPPP/R1BQK2R w KQ - 0 1 move f2f4 best e1g1 delta 20 (10 => -10) (2 => -2)
2022-11-12 03:23:37 loss 205,695 count 0371 RapChessCs-beta-old.exe blunders 215 mistakes 50 inaccuracies 21 2r1rbk1/1pqb1p1p/p2p1np1/P4p2/3NP1P1/2NP1R1Q/1P5P/R5BK w - - 0 1 move g4f5 best d4f5 delta 529 (264 => -265) (45 => -45)
2022-11-12 03:08:32 loss 197,584 count 0371 RapChessCs-beta-last.exe blunders 200 mistakes 59 inaccuracies 16 2r1rbk1/1pqb1p1p/p2p1np1/P4p2/3NP1P1/2NP1R1Q/1P5P/R5BK w - - 0 1 move g4f5 best d4f5 delta 529 (264 => -265) (45 => -45)
2022-11-12 02:48:47 loss 195,095 count 0371 RapChessCs-beta.exe blunders 197 mistakes 58 inaccuracies 17 2r1rbk1/1pqb1p1p/p2p1np1/P4p2/3NP1P1/2NP1R1Q/1P5P/R5BK w - - 0 1 move g4f5 best d4f5 delta 529 (264 => -265) (45 => -45)
2022-11-12 02:30:01 loss 201,446 count 0371 RapChessCs.exe blunders 208 mistakes 52 inaccuracies 21 r1bq1rk1/pp1pppbp/2n2np1/8/4P3/1NN5/PPP1BPPP/R1BQK2R w KQ - 0 1 move f2f4 best e1g1 delta 20 (10 => -10) (2 => -2)
2022-11-12 02:04:05 loss 203,541 count 0378 RapChessCs-beta-old.exe blunders 216 mistakes 52 inaccuracies 22 2r1rbk1/1pqb1p1p/p2p1np1/P4p2/3NP1P1/2NP1R1Q/1P5P/R5BK w - - 0 1 move g4f5 best d4f5 delta 529 (264 => -265) (45 => -45)
2022-11-12 01:50:04 loss 195,141 count 0378 RapChessCs-beta-last.exe blunders 200 mistakes 61 inaccuracies 19 2r1rbk1/1pqb1p1p/p2p1np1/P4p2/3NP1P1/2NP1R1Q/1P5P/R5BK w - - 0 1 move g4f5 best d4f5 delta 529 (264 => -265) (45 => -45)
2022-11-12 01:30:40 loss 198,451 count 0378 RapChessCs-beta.exe blunders 208 mistakes 54 inaccuracies 22 2r1rbk1/1pqb1p1p/p2p1np1/P4p2/3NP1P1/2NP1R1Q/1P5P/R5BK w - - 0 1 move e4f5 best d4f5 delta 529 (264 => -265) (45 => -45)
2022-11-08 03:46:49 loss 147,424 count 0378 RapChessCs.exe blunders 88 mistakes 136 inaccuracies 62 2r2rk1/1bqnbpp1/1p1ppn1p/pP6/N1P1P3/P2B1N1P/1B2QPP1/R2R2K1 b - - 0 1 move f6h5 best b7e4 delta 125 (63 => -62) (1 => -1)
2022-11-08 03:33:08 loss 141,671 count 0378 RapChessCs-beta.exe blunders 83 mistakes 130 inaccuracies 66 2r2rk1/1bqnbpp1/1p1ppn1p/pP6/N1P1P3/P2B1N1P/1B2QPP1/R2R2K1 b - - 0 1 move f6h7 best b7e4 delta 125 (63 => -62) (1 => -1)
2022-11-08 03:15:45 loss 147,679 count 0378 RapChessCs-beta-old.exe blunders 89 mistakes 135 inaccuracies 66 2r2rk1/1bqnbpp1/1p1ppn1p/pP6/N1P1P3/P2B1N1P/1B2QPP1/R2R2K1 b - - 0 1 move d7e5 best b7e4 delta 125 (63 => -62) (1 => -1)
2022-11-07 13:52:05 loss 143,422 count 0378 RapChessCs.exe blunders 79 mistakes 142 inaccuracies 67 2r2rk1/1bqnbpp1/1p1ppn1p/pP6/N1P1P3/P2B1N1P/1B2QPP1/R2R2K1 b - - 0 1 move f6h5 best b7e4 delta 125 (63 => -62)
2022-11-07 13:41:03 loss 138,615 count 0378 RapChessCs-beta.exe blunders 75 mistakes 136 inaccuracies 72 2r2rk1/1bqnbpp1/1p1ppn1p/pP6/N1P1P3/P2B1N1P/1B2QPP1/R2R2K1 b - - 0 1 move f6h7 best b7e4 delta 125 (63 => -62)
2022-11-07 11:42:06 loss 762,987 count 0378 RapChessCs.exe 2r2rk1/1bqnbpp1/1p1ppn1p/pP6/N1P1P3/P2B1N1P/1B2QPP1/R2R2K1 b - - 0 1 move f6h5 best b7e4 delta 125 (63 => -62)
2022-11-07 11:29:45 loss 755,332 count 0378 RapChessCs-beta.exe 2r2rk1/1bqnbpp1/1p1ppn1p/pP6/N1P1P3/P2B1N1P/1B2QPP1/R2R2K1 b - - 0 1 move f6h7 best b7e4 delta 125 (63 => -62)
2022-11-07 09:23:22 loss 752,521 count 0377 RapChessCs-beta.exe 2r2rk1/1bqnbpp1/1p1ppn1p/pP6/N1P1P3/P2B1N1P/1B2QPP1/R2R2K1 b - - 0 1 move f6h7 best b7e4 delta 125 (63 => -62)
2022-11-07 08:17:19 loss 752,460 count 0377 RapChessCs-beta.exe 2r2rk1/1bqnbpp1/1p1ppn1p/pP6/N1P1P3/P2B1N1P/1B2QPP1/R2R2K1 b - - 0 1 move f6h7 best b7e4 delta 125 (63 => -62)
2022-11-07 07:39:41 loss 1053,779 count 0377 RapChessCs-beta.exe 2r2rk1/1bqnbpp1/1p1ppn1p/pP6/N1P1P3/P2B1N1P/1B2QPP1/R2R2K1 b - - 0 1 move g7g5 best b7e4 delta 125 (63 => -62)
2022-11-07 07:06:55 loss 1046,952 count 0377 RapChessCs-beta.exe 2r2rk1/1bqnbpp1/1p1ppn1p/pP6/N1P1P3/P2B1N1P/1B2QPP1/R2R2K1 b - - 0 1 move g7g5 best b7e4 delta 125 (63 => -62)
2022-11-07 05:48:12 loss 1049,537 count 0377 RapChessCs-beta.exe 2r2rk1/1bqnbpp1/1p1ppn1p/pP6/N1P1P3/P2B1N1P/1B2QPP1/R2R2K1 b - - 0 1 move g7g5 best b7e4 delta 125 (63 => -62)
2022-11-07 05:32:36 loss 762,707 count 0377 RapChessCs-beta-old.exe 2r2rk1/1bqnbpp1/1p1ppn1p/pP6/N1P1P3/P2B1N1P/1B2QPP1/R2R2K1 b - - 0 1 move d7e5 best b7e4 delta 125 (63 => -62)
2022-11-07 04:21:52 loss 1045,745 count 0377 RapChessCs-beta.exe 2r2rk1/1bqnbpp1/1p1ppn1p/pP6/N1P1P3/P2B1N1P/1B2QPP1/R2R2K1 b - - 0 1 move g7g5 best b7e4 delta 125 (63 => -62)
2022-11-07 03:45:23 loss 1046,902 count 0377 RapChessCs-beta.exe 2r2rk1/1bqnbpp1/1p1ppn1p/pP6/N1P1P3/P2B1N1P/1B2QPP1/R2R2K1 b - - 0 1 move g7g5 best b7e4 delta 125 (63 => -62)
2022-11-07 03:13:38 loss 965,747 count 0377 RapChessCs-beta.exe 2r2rk1/1bqnbpp1/1p1ppn1p/pP6/N1P1P3/P2B1N1P/1B2QPP1/R2R2K1 b - - 0 1 move g7g5 best b7e4 delta 125 (63 => -62)
2022-11-07 02:39:40 loss 956,378 count 0377 RapChessCs-beta.exe 2r2rk1/1bqnbpp1/1p1ppn1p/pP6/N1P1P3/P2B1N1P/1B2QPP1/R2R2K1 b - - 0 1 move c8b8 best b7e4 delta 125 (63 => -62)
